<?xml version="1.0" encoding="UTF-8"?>
<testng-results skipped="0" failed="0" total="1" passed="1">
  <reporter-output>
  </reporter-output>
  <suite name="Default suite" duration-ms="23931" started-at="2017-09-13T04:26:01Z" finished-at="2017-09-13T04:26:25Z">
    <groups>
    </groups>
    <test name="Default test" duration-ms="23931" started-at="2017-09-13T04:26:01Z" finished-at="2017-09-13T04:26:25Z">
      <class name="practice.DragAndDropTest">
        <test-method status="PASS" signature="appLaunch()[pri:0, instance:practice.DragAndDropTest@434c5ac0]" name="appLaunch" is-config="true" duration-ms="13000" started-at="2017-09-13T09:56:01Z" finished-at="2017-09-13T09:56:14Z">
          <reporter-output>
          </reporter-output>
        </test-method> <!-- appLaunch -->
        <test-method status="PASS" signature="dragAndDropTest()[pri:0, instance:practice.DragAndDropTest@434c5ac0]" name="dragAndDropTest" duration-ms="9360" started-at="2017-09-13T09:56:14Z" finished-at="2017-09-13T09:56:23Z">
          <reporter-output>
          </reporter-output>
        </test-method> <!-- dragAndDropTest -->
        <test-method status="PASS" signature="closeApp()[pri:0, instance:practice.DragAndDropTest@434c5ac0]" name="closeApp" is-config="true" duration-ms="1530" started-at="2017-09-13T09:56:23Z" finished-at="2017-09-13T09:56:25Z">
          <reporter-output>
          </reporter-output>
        </test-method> <!-- closeApp -->
      </class> <!-- practice.DragAndDropTest -->
    </test> <!-- Default test -->
  </suite> <!-- Default suite -->
</testng-results>
